<?xml version="1.0" encoding="UTF-8"?>
<!-- Generated by org.testng.reporters.JUnitXMLReporter -->
<testsuite hostname="LAPTOP-BFNE918P" ignored="4" name="Default test" tests="1" failures="0" timestamp="05 Apr 2022 01:48:54 GMT" time="0.045" errors="0">
  <testcase name="@BeforeTest setUp" time="0.0" classname="com.sfdcTestcases.BaseTest">
    <failure type="org.testng.TestNGException" message="
Parameter &amp;apos;browser name&amp;apos; is required by BeforeTest on method setUp but has not been marked @Optional or defined
in C:\Users\garat\AppData\Local\Temp\testng-eclipse-1725978912\testng-customsuite.xml">
      <![CDATA[org.testng.TestNGException: 
Parameter 'browser name' is required by BeforeTest on method setUp but has not been marked @Optional or defined
in C:\Users\garat\AppData\Local\Temp\testng-eclipse-1725978912\testng-customsuite.xml
	at org.testng.internal.Parameters.createParameters(Parameters.java:199)
	at org.testng.internal.Parameters.createParameters(Parameters.java:443)
	at org.testng.internal.Parameters.createConfigurationParameters(Parameters.java:118)
	at org.testng.internal.Invoker.invokeConfigurations(Invoker.java:203)
	at org.testng.internal.Invoker.invokeConfigurations(Invoker.java:144)
	at org.testng.TestRunner.beforeRun(TestRunner.java:634)
	at org.testng.TestRunner.run(TestRunner.java:602)
	at org.testng.SuiteRunner.runTest(SuiteRunner.java:387)
	at org.testng.SuiteRunner.runSequentially(SuiteRunner.java:382)
	at org.testng.SuiteRunner.privateRun(SuiteRunner.java:340)
	at org.testng.SuiteRunner.run(SuiteRunner.java:289)
	at org.testng.SuiteRunnerWorker.runSuite(SuiteRunnerWorker.java:52)
	at org.testng.SuiteRunnerWorker.run(SuiteRunnerWorker.java:86)
	at org.testng.TestNG.runSuitesSequentially(TestNG.java:1293)
	at org.testng.TestNG.runSuitesLocally(TestNG.java:1218)
	at org.testng.TestNG.runSuites(TestNG.java:1133)
	at org.testng.TestNG.run(TestNG.java:1104)
	at org.testng.remote.AbstractRemoteTestNG.run(AbstractRemoteTestNG.java:115)
	at org.testng.remote.RemoteTestNG.initAndRun(RemoteTestNG.java:251)
	at org.testng.remote.RemoteTestNG.main(RemoteTestNG.java:77)
]]>
    </failure>
  </testcase> <!-- @BeforeTest setUp -->
  <testcase name="@BeforeMethod launchApp" time="0.0" classname="com.sfdcTestcases.LoginTest">
    <skipped/>
  </testcase> <!-- @BeforeMethod launchApp -->
  <testcase name="@AfterTest tearDown" time="0.0" classname="com.sfdcTestcases.BaseTest">
    <skipped/>
  </testcase> <!-- @AfterTest tearDown -->
  <testcase name="loginErrorMessage_TC01" time="0.006" classname="com.sfdcTestcases.LoginTest">
    <skipped/>
  </testcase> <!-- loginErrorMessage_TC01 -->
  <testcase name="checkRememberMe_3" time="0.0" classname="com.sfdcTestcases.LoginTest">
    <ignored/>
  </testcase> <!-- checkRememberMe_3 -->
  <testcase name="forgotPassword_4A" time="0.0" classname="com.sfdcTestcases.LoginTest">
    <ignored/>
  </testcase> <!-- forgotPassword_4A -->
  <testcase name="forgotPassword_4B" time="0.0" classname="com.sfdcTestcases.LoginTest">
    <ignored/>
  </testcase> <!-- forgotPassword_4B -->
  <testcase name="loginToSalesforce_2" time="0.0" classname="com.sfdcTestcases.LoginTest">
    <ignored/>
  </testcase> <!-- loginToSalesforce_2 -->
</testsuite> <!-- Default test -->
